Arguments: 
  /Users/mariuszkabalaAuto1/.nvm/versions/node/v8.2.1/bin/node /usr/local/bin/yarn install

PATH: 
  /Users/mariuszkabalaAuto1/.nvm/versions/node/v8.2.1/bin:/usr/local/bin:/usr/bin:/bin:/usr/sbin:/sbin:/usr/local/go/bin

Yarn version: 
  0.27.5

Node version: 
  8.2.1

Platform: 
  darwin x64

npm manifest: 
  {
    "name": "css-regressions-tester",
    "version": "1.0.0",
    "description": "",
    "main": "index.js",
    "scripts": {
      "test": "echo \"Error: no test specified\" && exit 1"
    },
    "author": "Mariusz Kabala",
    "license": "MIT",
    "dependencies": {
      "babel-core": "^6.26.0",
      "babel-eslint": "^8.0.1",
      "babel-loader": "^7.1.2",
      "babel-plugin-transform-async-to-generator": "^6.24.1",
      "babel-plugin-transform-class-properties": "^6.24.1",
      "babel-plugin-transform-object-assign": "^6.22.0",
      "babel-plugin-transform-object-rest-spread": "^6.26.0",
      "babel-polyfill": "^6.26.0",
      "babel-preset-env": "^1.6.1",
      "babel-preset-react": "^6.24.1",
      "babel-preset-stage-0": "^6.24.1",
      "babel-preset-stage-1": "^6.24.1",
      "body-parser": "^1.18.2",
      "canvas": "^1.6.7",
      "classnames": "^2.2.5",
      "colors": "^1.1.2",
      "commander": "^2.11.0",
      "copy-dir": "^0.3.0",
      "eslint": "^4.10.0",
      "eslint-plugin-react": "^7.4.0",
      "express": "^4.16.2",
      "glob": "^7.1.2",
      "lodash": "^4.17.4",
      "material-ui": "^1.0.0-beta.27",
      "material-ui-icons": "^1.0.0-beta.17",
      "nprogress": "^0.2.0",
      "prettyjson": "^1.2.1",
      "progress": "^2.0.0",
      "prop-types": "^15.6.0",
      "puppeteer": "^0.12.0",
      "react": "^16.0.0",
      "react-dom": "^16.0.0",
      "react-hot-loader": "^3.1.1",
      "react-portal-tooltip": "^2.3.0",
      "react-redux": "^5.0.6",
      "react-router-dom": "^4.2.2",
      "redux": "^3.7.2",
      "redux-devtools-extension": "^2.13.2",
      "redux-thunk": "^2.2.0",
      "resemblejs": "^2.2.6",
      "rimraf": "^2.6.2",
      "socket.io": "^2.0.4",
      "warning": "^3.0.0",
      "webpack": "^3.10.0",
      "webpack-dev-middleware": "^1.12.0",
      "webpack-hot-middleware": "^2.20.0"
    }
  }

yarn manifest: 
  No manifest

Lockfile: 
  No lockfile

Trace: 
  Error: https://registry.yarnpkg.com/@babel%2fcode-frame: User not found
      at Request.params.callback [as _callback] (/usr/local/Cellar/yarn/0.27.5/libexec/lib/yarn-cli.js:58200:18)
      at Request.self.callback (/usr/local/Cellar/yarn/0.27.5/libexec/lib/yarn-cli.js:114242:22)
      at emitTwo (events.js:125:13)
      at Request.emit (events.js:213:7)
      at Request.<anonymous> (/usr/local/Cellar/yarn/0.27.5/libexec/lib/yarn-cli.js:115225:10)
      at emitOne (events.js:115:13)
      at Request.emit (events.js:210:7)
      at IncomingMessage.<anonymous> (/usr/local/Cellar/yarn/0.27.5/libexec/lib/yarn-cli.js:115145:12)
      at Object.onceWrapper (events.js:314:30)
      at emitNone (events.js:110:20)
